<?xml version="1.0" encoding="UTF-8"?>
<!-- Generated by org.testng.reporters.JUnitReportReporter -->
<testsuite hostname="BDC6-DX-6BDCNK2" name="pageobjectmodel.testclasfactory" tests="1" failures="0" timestamp="20 Nov 2019 06:54:20 GMT" time="20.136" errors="0">
  <testcase name="f" time="20.136" classname="pageobjectmodel.testclasfactory"/>
</testsuite> <!-- pageobjectmodel.testclasfactory -->
